[2025-09-24T15:31:15.853+08:00] Getting interface description
[2025-09-24T15:31:15.853+08:00] Interface description end
[2025-09-24T15:31:15.853+08:00] Uploading test info to server
[2025-09-24T15:31:15.915+08:00] UploadTestInfoToServer end
[2025-09-24T15:31:16.044+08:00] size: 1280x720 dpr: 1.0000000447034836
[2025-09-24T15:31:16.044+08:00] Resizing screenshot for non-1 dpr
[2025-09-24T15:31:16.081+08:00] ResizeImgBase64 end
[2025-09-24T16:06:32.423+08:00] Getting interface description
[2025-09-24T16:06:32.423+08:00] Interface description end
[2025-09-24T16:06:32.423+08:00] Uploading test info to server
[2025-09-24T16:06:32.486+08:00] UploadTestInfoToServer end
[2025-09-24T16:06:32.612+08:00] size: 1280x720 dpr: 1.0000000447034836
[2025-09-24T16:06:32.612+08:00] Resizing screenshot for non-1 dpr
[2025-09-24T16:06:32.653+08:00] ResizeImgBase64 end
[2025-09-24T16:06:39.865+08:00] Getting interface description
[2025-09-24T16:06:39.865+08:00] Interface description end
[2025-09-24T16:06:39.865+08:00] Uploading test info to server
[2025-09-24T16:06:39.922+08:00] UploadTestInfoToServer end
[2025-09-24T16:06:40.019+08:00] size: 1280x720 dpr: 1.0000000447034836
[2025-09-24T16:06:40.019+08:00] Resizing screenshot for non-1 dpr
[2025-09-24T16:06:40.050+08:00] ResizeImgBase64 end
[2025-09-24T16:14:01.616+08:00] Getting interface description
[2025-09-24T16:14:01.616+08:00] Interface description end
[2025-09-24T16:14:01.616+08:00] Uploading test info to server
[2025-09-24T16:14:01.675+08:00] UploadTestInfoToServer end
[2025-09-24T16:14:01.799+08:00] size: 1280x720 dpr: 1.0000000447034836
[2025-09-24T16:14:01.799+08:00] Resizing screenshot for non-1 dpr
[2025-09-24T16:14:01.832+08:00] ResizeImgBase64 end
[2025-09-24T16:14:08.841+08:00] Getting interface description
[2025-09-24T16:14:08.841+08:00] Interface description end
[2025-09-24T16:14:08.841+08:00] Uploading test info to server
[2025-09-24T16:14:08.897+08:00] UploadTestInfoToServer end
[2025-09-24T16:14:09.017+08:00] size: 1280x720 dpr: 1.0000000447034836
[2025-09-24T16:14:09.017+08:00] Resizing screenshot for non-1 dpr
[2025-09-24T16:14:09.054+08:00] ResizeImgBase64 end
